

Starting up. 13:53.23
---------------------

ADMIN: Loading jobban_rank
ADMIN: jobban_keylist was empty
ADMIN: Updating jobbanfile!
ADMIN: Loading goon_keylist
ADMIN: goon_keylist was empty
ADMIN: Loading Banlist
ACCESS: Login: Chair Chair/(Chair Chair) from 127.0.0.1
ADMIN: Chair Chair has started the game.
ACCESS: Logout: *no client*/(Chair Chair)
ACCESS: Login: Chair Chair/(Nori Taggart) from 127.0.0.1


Starting up. 23:28.34
---------------------

ADMIN: Loading jobban_rank
ADMIN: jobban_keylist was empty
ADMIN: Updating jobbanfile!
ADMIN: Loading goon_keylist
ADMIN: goon_keylist was empty
ADMIN: Loading Banlist
ACCESS: Login: Chair Chair/(Chair Chair) from 127.0.0.1
ADMIN: Chair Chair has started the game.
ACCESS: Logout: *no client*/(Chair Chair)
ACCESS: Login: Chair Chair/(Nori Taggart) from 127.0.0.1
GAME: SQL ERROR during player polling. Failed to connect.
GAME: SQL ERROR during admin polling. Failed to connect.
ACCESS: Logout: Chair Chair/(Nori Taggart)


Starting up. 23:46.10
---------------------

ADMIN: Loading jobban_rank
ADMIN: jobban_keylist was empty
ADMIN: Updating jobbanfile!
ADMIN: Loading goon_keylist
ADMIN: goon_keylist was empty
ADMIN: Loading Banlist
ACCESS: Login: Chair Chair/(Chair Chair) from 127.0.0.1
ADMIN: Chair Chair has started the game.
ACCESS: Logout: *no client*/(Chair Chair)
ACCESS: Login: Chair Chair/(Nori Taggart) from 127.0.0.1
