

Starting up. 13:30.44
---------------------

ADMIN: Loading jobban_rank
ADMIN: jobban_keylist was empty
ADMIN: Updating jobbanfile!
ADMIN: Loading goon_keylist
ADMIN: goon_keylist was empty
ADMIN: Loading Banlist
ACCESS: Login: Chair Chair/(Chair Chair) from 127.0.0.1
ADMIN: Chair Chair has started the game.
ACCESS: Logout: *no client*/(Chair Chair)
ACCESS: Login: Chair Chair/(Nori Taggart) from 127.0.0.1
ACCESS: Logout: Chair Chair/(Nori Taggart)


Starting up. 14:03.41
---------------------

ADMIN: Loading jobban_rank
ADMIN: jobban_keylist was empty
ADMIN: Updating jobbanfile!
ADMIN: Loading goon_keylist
ADMIN: goon_keylist was empty
ADMIN: Loading Banlist
ACCESS: Login: Chair Chair/(Chair Chair) from 127.0.0.1
ADMIN: Chair Chair has started the game.
ACCESS: Logout: *no client*/(Chair Chair)
ACCESS: Login: Chair Chair/(Nori Taggart) from 127.0.0.1
